<?xml version="1.0" encoding="UTF-8"?>
<!-- Generated by org.testng.reporters.JUnitXMLReporter -->
<testsuite hostname="PC" ignored="0" name="Default test" tests="3" failures="0" timestamp="09 Jun 2021 07:41:03 GMT" time="12.748" errors="0">
  <testcase name="searchAndSelectFlight" time="1.47" classname="com.blazeDemo.tests.BookFlightTest"/>
  <testcase name="selectFlight" time="0.999" classname="com.blazeDemo.tests.BookFlightTest"/>
  <testcase name="purchaseFlightTicket" time="2.526" classname="com.blazeDemo.tests.BookFlightTest"/>
</testsuite> <!-- Default test -->
