<?xml version="1.0" encoding="UTF-8"?>
<!-- Generated by org.testng.reporters.JUnitXMLReporter -->
<testsuite hostname="PC" ignored="0" name="Book Flight Test" tests="4" failures="0" timestamp="09 Jun 2021 08:57:29 GMT" time="11.63" errors="0">
  <testcase name="searchAndSelectFlight" time="1.282" classname="com.blazeDemo.tests.BookFlightTest"/>
  <testcase name="selectFlight" time="0.941" classname="com.blazeDemo.tests.BookFlightTest"/>
  <testcase name="purchaseFlightTicket" time="2.291" classname="com.blazeDemo.tests.BookFlightTest"/>
  <testcase name="bookingConfirm" time="0.165" classname="com.blazeDemo.tests.BookFlightTest"/>
</testsuite> <!-- Book Flight Test -->
