<?xml version="1.0" encoding="UTF-8"?>
<!-- Generated by org.testng.reporters.JUnitXMLReporter -->
<testsuite hostname="PC" ignored="0" name="Book Flight Test" tests="4" failures="0" timestamp="09 Jun 2021 09:18:33 GMT" time="11.288" errors="0">
  <testcase name="searchAndSelectFlight" time="1.166" classname="com.blazeDemo.tests.BookFlightTest"/>
  <testcase name="selectFlight" time="0.84" classname="com.blazeDemo.tests.BookFlightTest"/>
  <testcase name="purchaseFlightTicket" time="2.286" classname="com.blazeDemo.tests.BookFlightTest"/>
  <testcase name="bookingConfirm" time="0.162" classname="com.blazeDemo.tests.BookFlightTest"/>
</testsuite> <!-- Book Flight Test -->
