<?xml version="1.0" encoding="UTF-8"?>
<!-- Generated by org.testng.reporters.JUnitXMLReporter -->
<testsuite hostname="PC" ignored="0" name="Book Flight Test" tests="4" failures="0" timestamp="09 Jun 2021 08:53:55 GMT" time="11.457" errors="0">
  <testcase name="searchAndSelectFlight" time="1.293" classname="com.blazeDemo.tests.BookFlightTest"/>
  <testcase name="selectFlight" time="0.937" classname="com.blazeDemo.tests.BookFlightTest"/>
  <testcase name="purchaseFlightTicket" time="2.192" classname="com.blazeDemo.tests.BookFlightTest"/>
  <testcase name="bookingConfirm" time="0.178" classname="com.blazeDemo.tests.BookFlightTest"/>
</testsuite> <!-- Book Flight Test -->
